<?xml version="1.0" encoding="UTF-8"?>
<!-- Generated by org.testng.reporters.JUnitXMLReporter -->
<<<<<<< HEAD
<testsuite hostname="ConsLeague-PC11" ignored="0" name="Default test" tests="1" failures="0" timestamp="04 Dec 2017 06:12:03 GMT" time="71.897" errors="0">
  <testcase name="CompareReports" time="57.434" classname="com.test.xcdhr.Salesforce_Core_Framework1.hrms_payroll.hrms_Payroll_SSP_Statutory_Scenario.AverageWeeklyEarningsTestReprt2"/>
=======
<testsuite hostname="DESKTOP-OAEFISL" ignored="0" name="Default test" tests="1" failures="1" timestamp="05 Dec 2017 12:18:24 GMT" time="47.982" errors="0">
  <testcase name="queryExecute" time="38.389" classname="com.test.xcdhr.Salesforce_Core_Framework1.hrms_payroll.rti_Payroll_Scenario1_Month1.ExecuteQuery">
    <failure type="org.openqa.selenium.WebDriverException" message="Element &amp;lt;button style=&amp;quot;height: 16px;&amp;quot; id=&amp;quot;debugMenuEntry-btnEl&amp;quot; type=&amp;quot;button&amp;quot; class=&amp;quot;x-btn-center&amp;quot; hidefocus=&amp;quot;true&amp;quot; role=&amp;quot;button&amp;quot; autocomplete=&amp;quot;off&amp;quot;&amp;gt;&amp;lt;/button&amp;gt; is not clickable at point (105, 13). Other element would receive the click: &amp;lt;div style=&amp;quot;width: 1350px; height: 660px; left: 0px; top: 0px; z-index: 18997;&amp;quot; id=&amp;quot;ext-gen1567&amp;quot; class=&amp;quot;x-mask&amp;quot;&amp;gt;&amp;lt;/div&amp;gt;
Command duration or timeout: 405 milliseconds
Build info: version: &amp;apos;3.0.1&amp;apos;, revision: &amp;apos;1969d75&amp;apos;, time: &amp;apos;2016-10-18 09:49:13 -0700&amp;apos;
System info: host: &amp;apos;DESKTOP-OAEFISL&amp;apos;, ip: &amp;apos;192.168.1.125&amp;apos;, os.name: &amp;apos;Windows 10&amp;apos;, os.arch: &amp;apos;amd64&amp;apos;, os.version: &amp;apos;10.0&amp;apos;, java.version: &amp;apos;1.8.0_144&amp;apos;
Driver info: org.openqa.selenium.firefox.FirefoxDriver
Capabilities [{applicationCacheEnabled=true, rotatable=false, handlesAlerts=true, databaseEnabled=true, version=42.0, platform=WINDOWS, nativeEvents=false, acceptSslCerts=true, webStorageEnabled=true, locationContextEnabled=true, browserName=firefox, takesScreenshot=true, javascriptEnabled=true, cssSelectorsEnabled=true}]
Session ID: 0fadd2f6-8f29-4e2e-8e66-78d9d0d89200">
      <![CDATA[org.openqa.selenium.WebDriverException: Element <button style="height: 16px;" id="debugMenuEntry-btnEl" type="button" class="x-btn-center" hidefocus="true" role="button" autocomplete="off"></button> is not clickable at point (105, 13). Other element would receive the click: <div style="width: 1350px; height: 660px; left: 0px; top: 0px; z-index: 18997;" id="ext-gen1567" class="x-mask"></div>
Command duration or timeout: 405 milliseconds
Build info: version: '3.0.1', revision: '1969d75', time: '2016-10-18 09:49:13 -0700'
System info: host: 'DESKTOP-OAEFISL', ip: '192.168.1.125', os.name: 'Windows 10', os.arch: 'amd64', os.version: '10.0', java.version: '1.8.0_144'
Driver info: org.openqa.selenium.firefox.FirefoxDriver
Capabilities [{applicationCacheEnabled=true, rotatable=false, handlesAlerts=true, databaseEnabled=true, version=42.0, platform=WINDOWS, nativeEvents=false, acceptSslCerts=true, webStorageEnabled=true, locationContextEnabled=true, browserName=firefox, takesScreenshot=true, javascriptEnabled=true, cssSelectorsEnabled=true}]
Session ID: 0fadd2f6-8f29-4e2e-8e66-78d9d0d89200
	at sun.reflect.NativeConstructorAccessorImpl.newInstance0(Native Method)
	at sun.reflect.NativeConstructorAccessorImpl.newInstance(NativeConstructorAccessorImpl.java:62)
	at sun.reflect.DelegatingConstructorAccessorImpl.newInstance(DelegatingConstructorAccessorImpl.java:45)
	at java.lang.reflect.Constructor.newInstance(Constructor.java:423)
	at org.openqa.selenium.remote.ErrorHandler.createThrowable(ErrorHandler.java:216)
	at org.openqa.selenium.remote.ErrorHandler.throwIfResponseFailed(ErrorHandler.java:168)
	at org.openqa.selenium.remote.RemoteWebDriver.execute(RemoteWebDriver.java:635)
	at org.openqa.selenium.remote.RemoteWebElement.execute(RemoteWebElement.java:274)
	at org.openqa.selenium.remote.RemoteWebElement.click(RemoteWebElement.java:84)
	at com.test.xcdhr.Salesforce_Core_Framework1.hrms_payroll.rti_Payroll_Scenario1_Month1.ExecuteQuery.queryExecute(ExecuteQuery.java:110)
	at sun.reflect.NativeMethodAccessorImpl.invoke0(Native Method)
	at sun.reflect.NativeMethodAccessorImpl.invoke(NativeMethodAccessorImpl.java:62)
	at sun.reflect.DelegatingMethodAccessorImpl.invoke(DelegatingMethodAccessorImpl.java:43)
	at java.lang.reflect.Method.invoke(Method.java:498)
	at org.testng.internal.MethodInvocationHelper.invokeMethod(MethodInvocationHelper.java:104)
	at org.testng.internal.Invoker.invokeMethod(Invoker.java:645)
	at org.testng.internal.Invoker.invokeTestMethod(Invoker.java:851)
	at org.testng.internal.Invoker.invokeTestMethods(Invoker.java:1177)
	at org.testng.internal.TestMethodWorker.invokeTestMethods(TestMethodWorker.java:129)
	at org.testng.internal.TestMethodWorker.run(TestMethodWorker.java:112)
	at org.testng.TestRunner.privateRun(TestRunner.java:756)
	at org.testng.TestRunner.run(TestRunner.java:610)
	at org.testng.SuiteRunner.runTest(SuiteRunner.java:387)
	at org.testng.SuiteRunner.runSequentially(SuiteRunner.java:382)
	at org.testng.SuiteRunner.privateRun(SuiteRunner.java:340)
	at org.testng.SuiteRunner.run(SuiteRunner.java:289)
	at org.testng.SuiteRunnerWorker.runSuite(SuiteRunnerWorker.java:52)
	at org.testng.SuiteRunnerWorker.run(SuiteRunnerWorker.java:86)
	at org.testng.TestNG.runSuitesSequentially(TestNG.java:1293)
	at org.testng.TestNG.runSuitesLocally(TestNG.java:1218)
	at org.testng.TestNG.runSuites(TestNG.java:1133)
	at org.testng.TestNG.run(TestNG.java:1104)
	at org.testng.remote.AbstractRemoteTestNG.run(AbstractRemoteTestNG.java:132)
	at org.testng.remote.RemoteTestNG.initAndRun(RemoteTestNG.java:230)
	at org.testng.remote.RemoteTestNG.main(RemoteTestNG.java:76)
]]>
    </failure>
  </testcase> <!-- queryExecute -->
>>>>>>> refs/remotes/origin/master
</testsuite> <!-- Default test -->
